<?xml version="1.0" encoding="UTF-8"?>
<testng-results skipped="0" failed="1" ignored="0" total="3" passed="2">
  <reporter-output>
    <line>
      <![CDATA[nevigate to url]]>
    </line>
    <line>
      <![CDATA[nevigate to url]]>
    </line>
    <line>
      <![CDATA[nevigate to url]]>
    </line>
  </reporter-output>
  <suite name="anything" duration-ms="5436" started-at="2019-04-25T00:07:07Z" finished-at="2019-04-25T00:07:12Z">
    <groups>
      <group name="reg">
        <method signature="RegressionTest.m2()[pri:0, instance:com.bit.test.RegressionTest@47c62251]" name="m2" class="com.bit.test.RegressionTest"/>
      </group> <!-- reg -->
      <group name="smoke">
        <method signature="RegressionTest.m2()[pri:0, instance:com.bit.test.RegressionTest@47c62251]" name="m2" class="com.bit.test.RegressionTest"/>
        <method signature="SmokeTest.m1()[pri:0, instance:com.bit.test.SmokeTest@3e6fa38a]" name="m1" class="com.bit.test.SmokeTest"/>
        <method signature="SmokeTest.m1()[pri:0, instance:com.bit.test.SmokeTest@57fffcd7]" name="m1" class="com.bit.test.SmokeTest"/>
      </group> <!-- smoke -->
    </groups>
    <test name="jaichatai1" duration-ms="3057" started-at="2019-04-25T00:07:07Z" finished-at="2019-04-25T00:07:10Z">
      <class name="com.bit.test.SmokeTest">
        <test-method status="PASS" signature="beforeMethod(java.lang.String)[pri:0, instance:com.bit.test.SmokeTest@57fffcd7]" name="beforeMethod" is-config="true" duration-ms="1215" started-at="2019-04-25T00:07:07Z" finished-at="2019-04-25T00:07:08Z">
          <params>
            <param index="0">
              <value>
                <![CDATA[chrome]]>
              </value>
            </param>
          </params>
          <reporter-output>
          </reporter-output>
        </test-method> <!-- beforeMethod -->
        <test-method status="PASS" signature="m1()[pri:0, instance:com.bit.test.SmokeTest@57fffcd7]" name="m1" duration-ms="1646" started-at="2019-04-25T00:07:08Z" finished-at="2019-04-25T00:07:10Z">
          <reporter-output>
            <line>
              <![CDATA[nevigate to url]]>
            </line>
          </reporter-output>
        </test-method> <!-- m1 -->
        <test-method status="PASS" signature="close(org.testng.ITestResult)[pri:0, instance:com.bit.test.SmokeTest@57fffcd7]" name="close" is-config="true" duration-ms="177" started-at="2019-04-25T00:07:10Z" finished-at="2019-04-25T00:07:10Z">
          <params>
            <param index="0">
              <value>
                <![CDATA[[TestResult name=m1 status=SUCCESS method=SmokeTest.m1()[pri:0, instance:com.bit.test.SmokeTest@57fffcd7] output=nevigate to url]]]>
              </value>
            </param>
          </params>
          <reporter-output>
          </reporter-output>
        </test-method> <!-- close -->
      </class> <!-- com.bit.test.SmokeTest -->
    </test> <!-- jaichatai1 -->
    <test name="jaichatai" duration-ms="5436" started-at="2019-04-25T00:07:07Z" finished-at="2019-04-25T00:07:12Z">
      <class name="com.bit.test.RegressionTest">
        <test-method status="PASS" signature="beforeMethod(java.lang.String)[pri:0, instance:com.bit.test.RegressionTest@47c62251]" name="beforeMethod" is-config="true" duration-ms="1380" started-at="2019-04-25T00:07:07Z" finished-at="2019-04-25T00:07:08Z">
          <params>
            <param index="0">
              <value>
                <![CDATA[chrome]]>
              </value>
            </param>
          </params>
          <reporter-output>
          </reporter-output>
        </test-method> <!-- beforeMethod -->
        <test-method status="FAIL" signature="m2()[pri:0, instance:com.bit.test.RegressionTest@47c62251]" name="m2" duration-ms="1080" started-at="2019-04-25T00:07:08Z" finished-at="2019-04-25T00:07:09Z">
          <exception class="java.lang.AssertionError">
            <message>
              <![CDATA[null]]>
            </message>
            <full-stacktrace>
              <![CDATA[java.lang.AssertionError: null
at org.testng.Assert.fail(Assert.java:96)
at org.testng.Assert.fail(Assert.java:103)
at com.bit.test.RegressionTest.m2(RegressionTest.java:31)
at sun.reflect.NativeMethodAccessorImpl.invoke0(Native Method)
at sun.reflect.NativeMethodAccessorImpl.invoke(NativeMethodAccessorImpl.java:62)
at sun.reflect.DelegatingMethodAccessorImpl.invoke(DelegatingMethodAccessorImpl.java:43)
at java.lang.reflect.Method.invoke(Method.java:498)
at org.testng.internal.MethodInvocationHelper.invokeMethod(MethodInvocationHelper.java:124)
at org.testng.internal.Invoker.invokeMethod(Invoker.java:583)
at org.testng.internal.Invoker.invokeTestMethod(Invoker.java:719)
at org.testng.internal.Invoker.invokeTestMethods(Invoker.java:989)
at org.testng.internal.TestMethodWorker.invokeTestMethods(TestMethodWorker.java:125)
at org.testng.internal.TestMethodWorker.run(TestMethodWorker.java:109)
at org.testng.TestRunner.privateRun(TestRunner.java:648)
at org.testng.TestRunner.run(TestRunner.java:505)
at org.testng.SuiteRunner.runTest(SuiteRunner.java:455)
at org.testng.SuiteRunner.access$000(SuiteRunner.java:40)
at org.testng.SuiteRunner$SuiteWorker.run(SuiteRunner.java:489)
at org.testng.internal.thread.ThreadUtil$1.call(ThreadUtil.java:52)
at java.util.concurrent.FutureTask.run(FutureTask.java:266)
at java.util.concurrent.ThreadPoolExecutor.runWorker(ThreadPoolExecutor.java:1149)
at java.util.concurrent.ThreadPoolExecutor$Worker.run(ThreadPoolExecutor.java:624)
at java.lang.Thread.run(Thread.java:748)
]]>
            </full-stacktrace>
          </exception> <!-- java.lang.AssertionError -->
          <reporter-output>
            <line>
              <![CDATA[nevigate to url]]>
            </line>
          </reporter-output>
        </test-method> <!-- m2 -->
        <test-method status="PASS" signature="close(org.testng.ITestResult)[pri:0, instance:com.bit.test.RegressionTest@47c62251]" name="close" is-config="true" duration-ms="196" started-at="2019-04-25T00:07:09Z" finished-at="2019-04-25T00:07:10Z">
          <params>
            <param index="0">
              <value>
                <![CDATA[[TestResult name=m2 status=FAILURE method=RegressionTest.m2()[pri:0, instance:com.bit.test.RegressionTest@47c62251] output=nevigate to url]]]>
              </value>
            </param>
          </params>
          <reporter-output>
          </reporter-output>
        </test-method> <!-- close -->
      </class> <!-- com.bit.test.RegressionTest -->
      <class name="com.bit.test.SmokeTest">
        <test-method status="PASS" signature="beforeMethod(java.lang.String)[pri:0, instance:com.bit.test.SmokeTest@3e6fa38a]" name="beforeMethod" is-config="true" duration-ms="1017" started-at="2019-04-25T00:07:10Z" finished-at="2019-04-25T00:07:11Z">
          <params>
            <param index="0">
              <value>
                <![CDATA[chrome]]>
              </value>
            </param>
          </params>
          <reporter-output>
          </reporter-output>
        </test-method> <!-- beforeMethod -->
        <test-method status="PASS" signature="m1()[pri:0, instance:com.bit.test.SmokeTest@3e6fa38a]" name="m1" duration-ms="1620" started-at="2019-04-25T00:07:11Z" finished-at="2019-04-25T00:07:12Z">
          <reporter-output>
            <line>
              <![CDATA[nevigate to url]]>
            </line>
          </reporter-output>
        </test-method> <!-- m1 -->
        <test-method status="PASS" signature="close(org.testng.ITestResult)[pri:0, instance:com.bit.test.SmokeTest@3e6fa38a]" name="close" is-config="true" duration-ms="121" started-at="2019-04-25T00:07:12Z" finished-at="2019-04-25T00:07:12Z">
          <params>
            <param index="0">
              <value>
                <![CDATA[[TestResult name=m1 status=SUCCESS method=SmokeTest.m1()[pri:0, instance:com.bit.test.SmokeTest@3e6fa38a] output=nevigate to url]]]>
              </value>
            </param>
          </params>
          <reporter-output>
          </reporter-output>
        </test-method> <!-- close -->
      </class> <!-- com.bit.test.SmokeTest -->
    </test> <!-- jaichatai -->
  </suite> <!-- anything -->
</testng-results>
